<?xml version="1.0" encoding="UTF-8"?>
<!-- Generated by org.testng.reporters.JUnitXMLReporter -->
<testsuite ignored="0" hostname="AFSWWORB7OU6L2" failures="0" tests="6" name="Default test" time="1.16" errors="0" timestamp="31 Aug 2022 16:04:27 GMT">
  <testcase classname="com.pm0n3s.NewBTrackerAPI.Backend.NewBTrackerAPITests" name="givenInvalidEvent_whenUpdateEvent_nullShouldBeThrown" time="0.034"/>
  <testcase classname="com.pm0n3s.NewBTrackerAPI.Backend.NewBTrackerAPITests" name="givenInvalidUser_nullShouldBeThrown" time="0.001"/>
  <testcase classname="com.pm0n3s.NewBTrackerAPI.Backend.NewBTrackerAPITests" name="givenValidEvent_whenAddEvent_EventShouldBeSaved" time="0.03"/>
  <testcase classname="com.pm0n3s.NewBTrackerAPI.Backend.NewBTrackerAPITests" name="givenValidEvent_whenDeleteEvent_EventShouldBeDeleted" time="0.004"/>
  <testcase classname="com.pm0n3s.NewBTrackerAPI.Backend.NewBTrackerAPITests" name="givenValidEvent_whenUpdateEvent_EventShouldBeUpdated" time="0.003"/>
  <testcase classname="com.pm0n3s.NewBTrackerAPI.Backend.NewBTrackerAPITests" name="givenValidUser_whenAccessingDashboard_eventsShouldBeAccessable" time="0.002"/>
</testsuite> <!-- Default test -->
