<?xml version="1.0" encoding="UTF-8"?>
<testng-results ignored="0" total="6" passed="6" failed="0" skipped="0">
  <reporter-output>
  </reporter-output>
  <suite started-at="2022-08-31T16:04:26Z" name="Default suite" finished-at="2022-08-31T16:04:27Z" duration-ms="1160">
    <groups>
    </groups>
    <test started-at="2022-08-31T16:04:26Z" name="Default test" finished-at="2022-08-31T16:04:27Z" duration-ms="1160">
      <class name="com.pm0n3s.NewBTrackerAPI.Backend.NewBTrackerAPITests">
        <test-method is-config="true" signature="springTestContextBeforeTestClass()[pri:0, instance:com.pm0n3s.NewBTrackerAPI.Backend.NewBTrackerAPITests@2db2a05f]" started-at="2022-08-31T16:04:26Z" name="springTestContextBeforeTestClass" finished-at="2022-08-31T16:04:26Z" duration-ms="18" status="PASS">
          <reporter-output>
          </reporter-output>
        </test-method> <!-- springTestContextBeforeTestClass -->
        <test-method is-config="true" signature="springTestContextPrepareTestInstance()[pri:0, instance:com.pm0n3s.NewBTrackerAPI.Backend.NewBTrackerAPITests@2db2a05f]" started-at="2022-08-31T16:04:26Z" name="springTestContextPrepareTestInstance" finished-at="2022-08-31T16:04:26Z" depends-on-methods="org.springframework.test.context.testng.AbstractTestNGSpringContextTests.springTestContextBeforeTestClass" duration-ms="267" status="PASS">
          <reporter-output>
          </reporter-output>
        </test-method> <!-- springTestContextPrepareTestInstance -->
        <test-method is-config="true" signature="setup()[pri:0, instance:com.pm0n3s.NewBTrackerAPI.Backend.NewBTrackerAPITests@2db2a05f]" started-at="2022-08-31T16:04:26Z" name="setup" finished-at="2022-08-31T16:04:27Z" duration-ms="758" status="PASS">
          <reporter-output>
          </reporter-output>
        </test-method> <!-- setup -->
        <test-method is-config="true" signature="springTestContextBeforeTestMethod(java.lang.reflect.Method)[pri:0, instance:com.pm0n3s.NewBTrackerAPI.Backend.NewBTrackerAPITests@2db2a05f]" started-at="2022-08-31T16:04:27Z" name="springTestContextBeforeTestMethod" finished-at="2022-08-31T16:04:27Z" duration-ms="3" status="PASS">
          <params>
            <param index="0">
              <value>
                <![CDATA[public void com.pm0n3s.NewBTrackerAPI.Backend.NewBTrackerAPITests.givenInvalidEvent_whenUpdateEvent_nullShouldBeThrown()]]>
              </value>
            </param>
          </params>
          <reporter-output>
          </reporter-output>
        </test-method> <!-- springTestContextBeforeTestMethod -->
        <test-method signature="givenInvalidEvent_whenUpdateEvent_nullShouldBeThrown()[pri:0, instance:com.pm0n3s.NewBTrackerAPI.Backend.NewBTrackerAPITests@2db2a05f]" started-at="2022-08-31T16:04:27Z" name="givenInvalidEvent_whenUpdateEvent_nullShouldBeThrown" finished-at="2022-08-31T16:04:27Z" duration-ms="34" status="PASS">
          <reporter-output>
          </reporter-output>
        </test-method> <!-- givenInvalidEvent_whenUpdateEvent_nullShouldBeThrown -->
        <test-method is-config="true" signature="springTestContextAfterTestMethod(java.lang.reflect.Method)[pri:0, instance:com.pm0n3s.NewBTrackerAPI.Backend.NewBTrackerAPITests@2db2a05f]" started-at="2022-08-31T16:04:27Z" name="springTestContextAfterTestMethod" finished-at="2022-08-31T16:04:27Z" duration-ms="1" status="PASS">
          <params>
            <param index="0">
              <value>
                <![CDATA[public void com.pm0n3s.NewBTrackerAPI.Backend.NewBTrackerAPITests.givenInvalidEvent_whenUpdateEvent_nullShouldBeThrown()]]>
              </value>
            </param>
          </params>
          <reporter-output>
          </reporter-output>
        </test-method> <!-- springTestContextAfterTestMethod -->
        <test-method is-config="true" signature="springTestContextBeforeTestMethod(java.lang.reflect.Method)[pri:0, instance:com.pm0n3s.NewBTrackerAPI.Backend.NewBTrackerAPITests@2db2a05f]" started-at="2022-08-31T16:04:27Z" name="springTestContextBeforeTestMethod" finished-at="2022-08-31T16:04:27Z" duration-ms="0" status="PASS">
          <params>
            <param index="0">
              <value>
                <![CDATA[public void com.pm0n3s.NewBTrackerAPI.Backend.NewBTrackerAPITests.givenInvalidUser_nullShouldBeThrown()]]>
              </value>
            </param>
          </params>
          <reporter-output>
          </reporter-output>
        </test-method> <!-- springTestContextBeforeTestMethod -->
        <test-method signature="givenInvalidUser_nullShouldBeThrown()[pri:0, instance:com.pm0n3s.NewBTrackerAPI.Backend.NewBTrackerAPITests@2db2a05f]" started-at="2022-08-31T16:04:27Z" name="givenInvalidUser_nullShouldBeThrown" finished-at="2022-08-31T16:04:27Z" duration-ms="1" status="PASS">
          <reporter-output>
          </reporter-output>
        </test-method> <!-- givenInvalidUser_nullShouldBeThrown -->
        <test-method is-config="true" signature="springTestContextAfterTestMethod(java.lang.reflect.Method)[pri:0, instance:com.pm0n3s.NewBTrackerAPI.Backend.NewBTrackerAPITests@2db2a05f]" started-at="2022-08-31T16:04:27Z" name="springTestContextAfterTestMethod" finished-at="2022-08-31T16:04:27Z" duration-ms="1" status="PASS">
          <params>
            <param index="0">
              <value>
                <![CDATA[public void com.pm0n3s.NewBTrackerAPI.Backend.NewBTrackerAPITests.givenInvalidUser_nullShouldBeThrown()]]>
              </value>
            </param>
          </params>
          <reporter-output>
          </reporter-output>
        </test-method> <!-- springTestContextAfterTestMethod -->
        <test-method is-config="true" signature="springTestContextBeforeTestMethod(java.lang.reflect.Method)[pri:0, instance:com.pm0n3s.NewBTrackerAPI.Backend.NewBTrackerAPITests@2db2a05f]" started-at="2022-08-31T16:04:27Z" name="springTestContextBeforeTestMethod" finished-at="2022-08-31T16:04:27Z" duration-ms="1" status="PASS">
          <params>
            <param index="0">
              <value>
                <![CDATA[public void com.pm0n3s.NewBTrackerAPI.Backend.NewBTrackerAPITests.givenValidEvent_whenAddEvent_EventShouldBeSaved()]]>
              </value>
            </param>
          </params>
          <reporter-output>
          </reporter-output>
        </test-method> <!-- springTestContextBeforeTestMethod -->
        <test-method signature="givenValidEvent_whenAddEvent_EventShouldBeSaved()[pri:0, instance:com.pm0n3s.NewBTrackerAPI.Backend.NewBTrackerAPITests@2db2a05f]" started-at="2022-08-31T16:04:27Z" name="givenValidEvent_whenAddEvent_EventShouldBeSaved" finished-at="2022-08-31T16:04:27Z" duration-ms="30" status="PASS">
          <reporter-output>
          </reporter-output>
        </test-method> <!-- givenValidEvent_whenAddEvent_EventShouldBeSaved -->
        <test-method is-config="true" signature="springTestContextAfterTestMethod(java.lang.reflect.Method)[pri:0, instance:com.pm0n3s.NewBTrackerAPI.Backend.NewBTrackerAPITests@2db2a05f]" started-at="2022-08-31T16:04:27Z" name="springTestContextAfterTestMethod" finished-at="2022-08-31T16:04:27Z" duration-ms="1" status="PASS">
          <params>
            <param index="0">
              <value>
                <![CDATA[public void com.pm0n3s.NewBTrackerAPI.Backend.NewBTrackerAPITests.givenValidEvent_whenAddEvent_EventShouldBeSaved()]]>
              </value>
            </param>
          </params>
          <reporter-output>
          </reporter-output>
        </test-method> <!-- springTestContextAfterTestMethod -->
        <test-method signature="givenValidEvent_whenDeleteEvent_EventShouldBeDeleted()[pri:0, instance:com.pm0n3s.NewBTrackerAPI.Backend.NewBTrackerAPITests@2db2a05f]" started-at="2022-08-31T16:04:27Z" name="givenValidEvent_whenDeleteEvent_EventShouldBeDeleted" finished-at="2022-08-31T16:04:27Z" duration-ms="4" status="PASS">
          <reporter-output>
          </reporter-output>
        </test-method> <!-- givenValidEvent_whenDeleteEvent_EventShouldBeDeleted -->
        <test-method is-config="true" signature="springTestContextBeforeTestMethod(java.lang.reflect.Method)[pri:0, instance:com.pm0n3s.NewBTrackerAPI.Backend.NewBTrackerAPITests@2db2a05f]" started-at="2022-08-31T16:04:27Z" name="springTestContextBeforeTestMethod" finished-at="2022-08-31T16:04:27Z" duration-ms="0" status="PASS">
          <params>
            <param index="0">
              <value>
                <![CDATA[public void com.pm0n3s.NewBTrackerAPI.Backend.NewBTrackerAPITests.givenValidEvent_whenDeleteEvent_EventShouldBeDeleted()]]>
              </value>
            </param>
          </params>
          <reporter-output>
          </reporter-output>
        </test-method> <!-- springTestContextBeforeTestMethod -->
        <test-method is-config="true" signature="springTestContextAfterTestMethod(java.lang.reflect.Method)[pri:0, instance:com.pm0n3s.NewBTrackerAPI.Backend.NewBTrackerAPITests@2db2a05f]" started-at="2022-08-31T16:04:27Z" name="springTestContextAfterTestMethod" finished-at="2022-08-31T16:04:27Z" duration-ms="1" status="PASS">
          <params>
            <param index="0">
              <value>
                <![CDATA[public void com.pm0n3s.NewBTrackerAPI.Backend.NewBTrackerAPITests.givenValidEvent_whenDeleteEvent_EventShouldBeDeleted()]]>
              </value>
            </param>
          </params>
          <reporter-output>
          </reporter-output>
        </test-method> <!-- springTestContextAfterTestMethod -->
        <test-method is-config="true" signature="springTestContextBeforeTestMethod(java.lang.reflect.Method)[pri:0, instance:com.pm0n3s.NewBTrackerAPI.Backend.NewBTrackerAPITests@2db2a05f]" started-at="2022-08-31T16:04:27Z" name="springTestContextBeforeTestMethod" finished-at="2022-08-31T16:04:27Z" duration-ms="1" status="PASS">
          <params>
            <param index="0">
              <value>
                <![CDATA[public void com.pm0n3s.NewBTrackerAPI.Backend.NewBTrackerAPITests.givenValidEvent_whenUpdateEvent_EventShouldBeUpdated()]]>
              </value>
            </param>
          </params>
          <reporter-output>
          </reporter-output>
        </test-method> <!-- springTestContextBeforeTestMethod -->
        <test-method signature="givenValidEvent_whenUpdateEvent_EventShouldBeUpdated()[pri:0, instance:com.pm0n3s.NewBTrackerAPI.Backend.NewBTrackerAPITests@2db2a05f]" started-at="2022-08-31T16:04:27Z" name="givenValidEvent_whenUpdateEvent_EventShouldBeUpdated" finished-at="2022-08-31T16:04:27Z" duration-ms="3" status="PASS">
          <reporter-output>
          </reporter-output>
        </test-method> <!-- givenValidEvent_whenUpdateEvent_EventShouldBeUpdated -->
        <test-method is-config="true" signature="springTestContextAfterTestMethod(java.lang.reflect.Method)[pri:0, instance:com.pm0n3s.NewBTrackerAPI.Backend.NewBTrackerAPITests@2db2a05f]" started-at="2022-08-31T16:04:27Z" name="springTestContextAfterTestMethod" finished-at="2022-08-31T16:04:27Z" duration-ms="1" status="PASS">
          <params>
            <param index="0">
              <value>
                <![CDATA[public void com.pm0n3s.NewBTrackerAPI.Backend.NewBTrackerAPITests.givenValidEvent_whenUpdateEvent_EventShouldBeUpdated()]]>
              </value>
            </param>
          </params>
          <reporter-output>
          </reporter-output>
        </test-method> <!-- springTestContextAfterTestMethod -->
        <test-method is-config="true" signature="springTestContextBeforeTestMethod(java.lang.reflect.Method)[pri:0, instance:com.pm0n3s.NewBTrackerAPI.Backend.NewBTrackerAPITests@2db2a05f]" started-at="2022-08-31T16:04:27Z" name="springTestContextBeforeTestMethod" finished-at="2022-08-31T16:04:27Z" duration-ms="0" status="PASS">
          <params>
            <param index="0">
              <value>
                <![CDATA[public void com.pm0n3s.NewBTrackerAPI.Backend.NewBTrackerAPITests.givenValidUser_whenAccessingDashboard_eventsShouldBeAccessable()]]>
              </value>
            </param>
          </params>
          <reporter-output>
          </reporter-output>
        </test-method> <!-- springTestContextBeforeTestMethod -->
        <test-method signature="givenValidUser_whenAccessingDashboard_eventsShouldBeAccessable()[pri:0, instance:com.pm0n3s.NewBTrackerAPI.Backend.NewBTrackerAPITests@2db2a05f]" started-at="2022-08-31T16:04:27Z" name="givenValidUser_whenAccessingDashboard_eventsShouldBeAccessable" finished-at="2022-08-31T16:04:27Z" duration-ms="2" status="PASS">
          <reporter-output>
          </reporter-output>
        </test-method> <!-- givenValidUser_whenAccessingDashboard_eventsShouldBeAccessable -->
        <test-method is-config="true" signature="springTestContextAfterTestMethod(java.lang.reflect.Method)[pri:0, instance:com.pm0n3s.NewBTrackerAPI.Backend.NewBTrackerAPITests@2db2a05f]" started-at="2022-08-31T16:04:27Z" name="springTestContextAfterTestMethod" finished-at="2022-08-31T16:04:27Z" duration-ms="1" status="PASS">
          <params>
            <param index="0">
              <value>
                <![CDATA[public void com.pm0n3s.NewBTrackerAPI.Backend.NewBTrackerAPITests.givenValidUser_whenAccessingDashboard_eventsShouldBeAccessable()]]>
              </value>
            </param>
          </params>
          <reporter-output>
          </reporter-output>
        </test-method> <!-- springTestContextAfterTestMethod -->
        <test-method is-config="true" signature="tearDown()[pri:0, instance:com.pm0n3s.NewBTrackerAPI.Backend.NewBTrackerAPITests@2db2a05f]" started-at="2022-08-31T16:04:27Z" name="tearDown" finished-at="2022-08-31T16:04:27Z" duration-ms="1" status="PASS">
          <reporter-output>
          </reporter-output>
        </test-method> <!-- tearDown -->
        <test-method is-config="true" signature="springTestContextAfterTestClass()[pri:0, instance:com.pm0n3s.NewBTrackerAPI.Backend.NewBTrackerAPITests@2db2a05f]" started-at="2022-08-31T16:04:27Z" name="springTestContextAfterTestClass" finished-at="2022-08-31T16:04:27Z" duration-ms="1" status="PASS">
          <reporter-output>
          </reporter-output>
        </test-method> <!-- springTestContextAfterTestClass -->
      </class> <!-- com.pm0n3s.NewBTrackerAPI.Backend.NewBTrackerAPITests -->
    </test> <!-- Default test -->
  </suite> <!-- Default suite -->
</testng-results>
